2018-05-12 17:52:38 [main] [INFO ] o.s.c.a.AnnotationConfigApplicationContext - Refreshing org.springframework.context.annotation.AnnotationConfigApplicationContext@2a4fb17b: startup date [Sat May 12 17:52:38 CST 2018]; root of context hierarchy
2018-05-12 17:52:39 [background-preinit] [INFO ] org.hibernate.validator.internal.util.Version - HV000001: Hibernate Validator 5.3.5.Final
2018-05-12 17:52:39 [main] [INFO ] o.s.c.s.PostProcessorRegistrationDelegate$BeanPostProcessorChecker - Bean 'configurationPropertiesRebinderAutoConfiguration' of type [org.springframework.cloud.autoconfigure.ConfigurationPropertiesRebinderAutoConfiguration$$EnhancerBySpringCGLIB$$3e749bab] is not eligible for getting processed by all BeanPostProcessors (for example: not eligible for auto-proxying)
2018-05-12 17:52:39 [main] [INFO ] com.ctsig.Application - The following profiles are active: dev
2018-05-12 17:52:39 [main] [INFO ] o.s.b.c.e.AnnotationConfigEmbeddedWebApplicationContext - Refreshing org.springframework.boot.context.embedded.AnnotationConfigEmbeddedWebApplicationContext@2101b44a: startup date [Sat May 12 17:52:39 CST 2018]; parent: org.springframework.context.annotation.AnnotationConfigApplicationContext@2a4fb17b
2018-05-12 17:52:40 [main] [WARN ] org.mybatis.spring.mapper.ClassPathMapperScanner - No MyBatis mapper was found in '[com.ctsig]' package. Please check your configuration.
2018-05-12 17:52:40 [main] [INFO ] o.s.d.r.config.RepositoryConfigurationDelegate - Multiple Spring Data modules found, entering strict repository configuration mode!
2018-05-12 17:52:40 [main] [INFO ] o.s.d.r.config.RepositoryConfigurationDelegate - Multiple Spring Data modules found, entering strict repository configuration mode!
2018-05-12 17:52:40 [main] [INFO ] o.s.d.r.c.RepositoryConfigurationExtensionSupport - Spring Data Redis - Could not safely identify store assignment for repository candidate interface com.ctsig.order.dao.OrderDao.
2018-05-12 17:52:40 [main] [INFO ] o.s.d.r.c.RepositoryConfigurationExtensionSupport - Spring Data Redis - Could not safely identify store assignment for repository candidate interface com.ctsig.order.dao.OrderDetailDao.
2018-05-12 17:52:40 [main] [INFO ] o.springframework.cloud.context.scope.GenericScope - BeanFactory id=c0668180-2af9-3f5b-ac38-f3bb6655bfe0
2018-05-12 17:52:40 [main] [INFO ] o.s.c.s.PostProcessorRegistrationDelegate$BeanPostProcessorChecker - Bean 'org.springframework.transaction.annotation.ProxyTransactionManagementConfiguration' of type [org.springframework.transaction.annotation.ProxyTransactionManagementConfiguration$$EnhancerBySpringCGLIB$$225a98ae] is not eligible for getting processed by all BeanPostProcessors (for example: not eligible for auto-proxying)
2018-05-12 17:52:40 [main] [INFO ] o.s.c.s.PostProcessorRegistrationDelegate$BeanPostProcessorChecker - Bean 'redisConfig' of type [com.ctsig.base.config.RedisConfig$$EnhancerBySpringCGLIB$$b3e02ca6] is not eligible for getting processed by all BeanPostProcessors (for example: not eligible for auto-proxying)
2018-05-12 17:52:40 [main] [INFO ] o.s.c.s.PostProcessorRegistrationDelegate$BeanPostProcessorChecker - Bean 'errorHandler' of type [com.ctsig.base.config.RedisConfig$1] is not eligible for getting processed by all BeanPostProcessors (for example: not eligible for auto-proxying)
2018-05-12 17:52:40 [main] [INFO ] o.s.c.s.PostProcessorRegistrationDelegate$BeanPostProcessorChecker - Bean 'org.springframework.cache.annotation.ProxyCachingConfiguration' of type [org.springframework.cache.annotation.ProxyCachingConfiguration$$EnhancerBySpringCGLIB$$6b6ccecc] is not eligible for getting processed by all BeanPostProcessors (for example: not eligible for auto-proxying)
2018-05-12 17:52:40 [main] [INFO ] o.s.c.s.PostProcessorRegistrationDelegate$BeanPostProcessorChecker - Bean 'org.springframework.cloud.autoconfigure.ConfigurationPropertiesRebinderAutoConfiguration' of type [org.springframework.cloud.autoconfigure.ConfigurationPropertiesRebinderAutoConfiguration$$EnhancerBySpringCGLIB$$3e749bab] is not eligible for getting processed by all BeanPostProcessors (for example: not eligible for auto-proxying)
2018-05-12 17:52:40 [main] [INFO ] o.s.b.c.e.tomcat.TomcatEmbeddedServletContainer - Tomcat initialized with port(s): 2018 (http)
2018-05-12 17:52:40 [main] [INFO ] org.apache.catalina.core.StandardService - Starting service [Tomcat]
2018-05-12 17:52:40 [main] [INFO ] org.apache.catalina.core.StandardEngine - Starting Servlet Engine: Apache Tomcat/8.5.20
2018-05-12 17:52:40 [localhost-startStop-1] [INFO ] o.a.c.core.ContainerBase.[Tomcat].[localhost].[/] - Initializing Spring embedded WebApplicationContext
2018-05-12 17:52:40 [localhost-startStop-1] [INFO ] org.springframework.web.context.ContextLoader - Root WebApplicationContext: initialization completed in 1284 ms
2018-05-12 17:52:40 [localhost-startStop-1] [INFO ] o.s.boot.web.servlet.ServletRegistrationBean - Mapping servlet: 'dispatcherServlet' to [/]
2018-05-12 17:52:40 [localhost-startStop-1] [INFO ] o.s.boot.web.servlet.FilterRegistrationBean - Mapping filter: 'characterEncodingFilter' to: [/*]
2018-05-12 17:52:40 [localhost-startStop-1] [INFO ] o.s.boot.web.servlet.FilterRegistrationBean - Mapping filter: 'hiddenHttpMethodFilter' to: [/*]
2018-05-12 17:52:40 [localhost-startStop-1] [INFO ] o.s.boot.web.servlet.FilterRegistrationBean - Mapping filter: 'httpPutFormContentFilter' to: [/*]
2018-05-12 17:52:40 [localhost-startStop-1] [INFO ] o.s.boot.web.servlet.FilterRegistrationBean - Mapping filter: 'requestContextFilter' to: [/*]
2018-05-12 17:52:40 [localhost-startStop-1] [INFO ] o.s.boot.web.servlet.FilterRegistrationBean - Mapping filter: 'crossDomainFilter' to: [/*]
2018-05-12 17:52:40 [main] [INFO ] com.alibaba.druid.pool.DruidDataSource - {dataSource-1} inited
2018-05-12 17:52:41 [main] [INFO ] o.s.orm.jpa.LocalContainerEntityManagerFactoryBean - Building JPA container EntityManagerFactory for persistence unit 'default'
2018-05-12 17:52:41 [main] [INFO ] org.hibernate.jpa.internal.util.LogHelper - HHH000204: Processing PersistenceUnitInfo [
	name: default
	...]
2018-05-12 17:52:41 [main] [INFO ] org.hibernate.Version - HHH000412: Hibernate Core {5.0.12.Final}
2018-05-12 17:52:41 [main] [INFO ] org.hibernate.cfg.Environment - HHH000206: hibernate.properties not found
2018-05-12 17:52:41 [main] [INFO ] org.hibernate.cfg.Environment - HHH000021: Bytecode provider name : javassist
2018-05-12 17:52:41 [main] [INFO ] org.hibernate.annotations.common.Version - HCANN000001: Hibernate Commons Annotations {5.0.1.Final}
2018-05-12 17:52:41 [main] [INFO ] org.hibernate.dialect.Dialect - HHH000400: Using dialect: org.hibernate.dialect.MySQL5Dialect
2018-05-12 17:52:41 [main] [INFO ] o.s.orm.jpa.LocalContainerEntityManagerFactoryBean - Initialized JPA EntityManagerFactory for persistence unit 'default'
2018-05-12 17:52:42 [main] [INFO ] o.s.w.s.m.m.a.RequestMappingHandlerMapping - Mapped "{[/idc/order/update],methods=[GET]}" onto public com.ctsig.base.vo.ResultVO com.ctsig.api.OrderController.updateStatus(java.lang.Long,java.lang.String)
2018-05-12 17:52:42 [main] [INFO ] o.s.w.s.m.m.a.RequestMappingHandlerMapping - Mapped "{[/idc/order/detail/list],methods=[GET]}" onto public com.ctsig.base.vo.ResultVO<java.util.List<com.ctsig.order.dto.OrderDTO>> com.ctsig.api.OrderController.orderDetailList(java.lang.Long,java.lang.Integer,java.lang.Integer)
2018-05-12 17:52:42 [main] [INFO ] o.s.w.s.m.m.a.RequestMappingHandlerMapping - Mapped "{[/idc/order/info],methods=[GET]}" onto public com.ctsig.base.vo.ResultVO<com.ctsig.order.dto.OrderDTO> com.ctsig.api.OrderController.orderInfo(java.lang.Long)
2018-05-12 17:52:42 [main] [INFO ] o.s.w.s.m.m.a.RequestMappingHandlerMapping - Mapped "{[/idc/order/new],methods=[POST]}" onto public com.ctsig.base.vo.ResultVO<java.util.List<com.ctsig.order.dto.OrderDTO>> com.ctsig.api.OrderController.newOrder(com.ctsig.order.dto.OrderDTO)
2018-05-12 17:52:42 [main] [INFO ] o.s.w.s.m.m.a.RequestMappingHandlerMapping - Mapped "{[/idc/order/list],methods=[GET]}" onto public com.ctsig.base.vo.ResultVO<java.util.List<com.ctsig.order.dto.OrderDTO>> com.ctsig.api.OrderController.orderList(java.lang.String,java.lang.Integer,java.lang.Integer)
2018-05-12 17:52:42 [main] [INFO ] o.s.w.s.m.m.a.RequestMappingHandlerMapping - Mapped "{[/swagger-resources/configuration/ui]}" onto public org.springframework.http.ResponseEntity<springfox.documentation.swagger.web.UiConfiguration> springfox.documentation.swagger.web.ApiResourceController.uiConfiguration()
2018-05-12 17:52:42 [main] [INFO ] o.s.w.s.m.m.a.RequestMappingHandlerMapping - Mapped "{[/swagger-resources]}" onto public org.springframework.http.ResponseEntity<java.util.List<springfox.documentation.swagger.web.SwaggerResource>> springfox.documentation.swagger.web.ApiResourceController.swaggerResources()
2018-05-12 17:52:42 [main] [INFO ] o.s.w.s.m.m.a.RequestMappingHandlerMapping - Mapped "{[/swagger-resources/configuration/security]}" onto public org.springframework.http.ResponseEntity<springfox.documentation.swagger.web.SecurityConfiguration> springfox.documentation.swagger.web.ApiResourceController.securityConfiguration()
2018-05-12 17:52:42 [main] [INFO ] o.s.w.s.m.m.a.RequestMappingHandlerMapping - Mapped "{[/error]}" onto public org.springframework.http.ResponseEntity<java.util.Map<java.lang.String, java.lang.Object>> org.springframework.boot.autoconfigure.web.BasicErrorController.error(javax.servlet.http.HttpServletRequest)
2018-05-12 17:52:42 [main] [INFO ] o.s.w.s.m.m.a.RequestMappingHandlerMapping - Mapped "{[/error],produces=[text/html]}" onto public org.springframework.web.servlet.ModelAndView org.springframework.boot.autoconfigure.web.BasicErrorController.errorHtml(javax.servlet.http.HttpServletRequest,javax.servlet.http.HttpServletResponse)
2018-05-12 17:52:42 [main] [INFO ] s.d.s.w.PropertySourcedRequestMappingHandlerMapping - Mapped URL path [/v2/api-docs] onto method [public org.springframework.http.ResponseEntity<springfox.documentation.spring.web.json.Json> springfox.documentation.swagger2.web.Swagger2Controller.getDocumentation(java.lang.String,javax.servlet.http.HttpServletRequest)]
2018-05-12 17:52:42 [main] [INFO ] o.s.w.s.m.m.a.RequestMappingHandlerAdapter - Looking for @ControllerAdvice: org.springframework.boot.context.embedded.AnnotationConfigEmbeddedWebApplicationContext@2101b44a: startup date [Sat May 12 17:52:39 CST 2018]; parent: org.springframework.context.annotation.AnnotationConfigApplicationContext@2a4fb17b
2018-05-12 17:52:42 [main] [INFO ] o.s.web.servlet.handler.SimpleUrlHandlerMapping - Mapped URL path [/webjars/**] onto handler of type [class org.springframework.web.servlet.resource.ResourceHttpRequestHandler]
2018-05-12 17:52:42 [main] [INFO ] o.s.web.servlet.handler.SimpleUrlHandlerMapping - Mapped URL path [/swagger-ui.html] onto handler of type [class org.springframework.web.servlet.resource.ResourceHttpRequestHandler]
2018-05-12 17:52:42 [main] [INFO ] o.s.web.servlet.handler.SimpleUrlHandlerMapping - Mapped URL path [/**] onto handler of type [class org.springframework.web.servlet.resource.ResourceHttpRequestHandler]
2018-05-12 17:52:42 [main] [INFO ] o.s.w.s.m.m.a.ExceptionHandlerExceptionResolver - Detected @ExceptionHandler methods in globalDefaultExceptionHandler
2018-05-12 17:52:42 [main] [INFO ] o.s.web.servlet.handler.SimpleUrlHandlerMapping - Mapped URL path [/**/favicon.ico] onto handler of type [class org.springframework.web.servlet.resource.ResourceHttpRequestHandler]
2018-05-12 17:52:43 [main] [INFO ] o.s.jmx.export.annotation.AnnotationMBeanExporter - Registering beans for JMX exposure on startup
2018-05-12 17:52:43 [main] [INFO ] o.s.jmx.export.annotation.AnnotationMBeanExporter - Bean with name 'dataSource' has been autodetected for JMX exposure
2018-05-12 17:52:43 [main] [INFO ] o.s.jmx.export.annotation.AnnotationMBeanExporter - Bean with name 'configurationPropertiesRebinder' has been autodetected for JMX exposure
2018-05-12 17:52:43 [main] [INFO ] o.s.jmx.export.annotation.AnnotationMBeanExporter - Bean with name 'environmentManager' has been autodetected for JMX exposure
2018-05-12 17:52:43 [main] [INFO ] o.s.jmx.export.annotation.AnnotationMBeanExporter - Bean with name 'refreshScope' has been autodetected for JMX exposure
2018-05-12 17:52:43 [main] [INFO ] o.s.jmx.export.annotation.AnnotationMBeanExporter - Located managed bean 'environmentManager': registering with JMX server as MBean [myframework:name=environmentManager,type=EnvironmentManager]
2018-05-12 17:52:43 [main] [INFO ] o.s.jmx.export.annotation.AnnotationMBeanExporter - Located managed bean 'refreshScope': registering with JMX server as MBean [myframework:name=refreshScope,type=RefreshScope]
2018-05-12 17:52:43 [main] [INFO ] o.s.jmx.export.annotation.AnnotationMBeanExporter - Located managed bean 'configurationPropertiesRebinder': registering with JMX server as MBean [myframework:name=configurationPropertiesRebinder,context=2101b44a,type=ConfigurationPropertiesRebinder]
2018-05-12 17:52:43 [main] [INFO ] o.s.jmx.export.annotation.AnnotationMBeanExporter - Located MBean 'dataSource': registering with JMX server as MBean [myframework:name=dataSource,type=DruidDataSource]
2018-05-12 17:52:43 [main] [INFO ] o.s.context.support.DefaultLifecycleProcessor - Starting beans in phase 2147483647
2018-05-12 17:52:43 [main] [INFO ] s.d.s.web.plugins.DocumentationPluginsBootstrapper - Context refreshed
2018-05-12 17:52:43 [main] [INFO ] s.d.s.web.plugins.DocumentationPluginsBootstrapper - Found 1 custom documentation plugin(s)
2018-05-12 17:52:43 [main] [INFO ] s.d.spring.web.scanners.ApiListingReferenceScanner - Scanning for api listing references
2018-05-12 17:52:43 [main] [INFO ] org.apache.coyote.http11.Http11NioProtocol - Initializing ProtocolHandler ["http-nio-2018"]
2018-05-12 17:52:43 [main] [INFO ] org.apache.coyote.http11.Http11NioProtocol - Starting ProtocolHandler ["http-nio-2018"]
2018-05-12 17:52:43 [main] [INFO ] org.apache.tomcat.util.net.NioSelectorPool - Using a shared selector for servlet write/read
2018-05-12 17:52:43 [main] [INFO ] o.s.b.c.e.tomcat.TomcatEmbeddedServletContainer - Tomcat started on port(s): 2018 (http)
2018-05-12 17:52:43 [main] [INFO ] com.ctsig.Application - Started Application in 5.1 seconds (JVM running for 6.168)
2018-05-12 17:53:13 [http-nio-2018-exec-1] [INFO ] o.a.c.core.ContainerBase.[Tomcat].[localhost].[/] - Initializing Spring FrameworkServlet 'dispatcherServlet'
2018-05-12 17:53:13 [http-nio-2018-exec-1] [INFO ] org.springframework.web.servlet.DispatcherServlet - FrameworkServlet 'dispatcherServlet': initialization started
2018-05-12 17:53:13 [http-nio-2018-exec-1] [INFO ] org.springframework.web.servlet.DispatcherServlet - FrameworkServlet 'dispatcherServlet': initialization completed in 33 ms
2018-05-12 17:53:49 [http-nio-2018-exec-1] [INFO ] o.h.hql.internal.QueryTranslatorFactoryInitiator - HHH000397: Using ASTQueryTranslatorFactory
